<?xml version="1.0" encoding="UTF-8"?>
<robot generator="Robot 7.2.2 (Python 3.11.9 on win32)" generated="2025-04-28T17:05:34.767052" rpa="false" schemaversion="5">
<suite id="s1" name="Login" source="D:\WorkSpace\anfo work\reltio rf\tests\login\login.robot">
<test id="s1-t1" name="Valid Login Test" line="7">
<kw name="Login To System" owner="login_resources">
<kw name="Open Login Page" owner="login_resources">
<kw name="Open Browser" owner="SeleniumLibrary">
<msg time="2025-04-28T17:05:35.350429" level="INFO">Opening browser 'Chrome' to base url 'http://localhost:8080/ebx-authentication/login?resume=/ebx/'.</msg>
<arg>${URL}</arg>
<arg>${BROWSER}</arg>
<doc>Opens a new browser instance to the optional ``url``.</doc>
<status status="PASS" start="2025-04-28T17:05:35.349428" elapsed="2.570670"/>
</kw>
<kw name="Maximize Browser Window" owner="SeleniumLibrary">
<doc>Maximizes current browser window.</doc>
<status status="PASS" start="2025-04-28T17:05:37.920098" elapsed="0.066011"/>
</kw>
<kw name="Wait Until Page Contains Element" owner="SeleniumLibrary">
<arg>${USERNAME_FIELD}</arg>
<arg>timeout=10s</arg>
<doc>Waits until the element ``locator`` appears on the current page.</doc>
<status status="PASS" start="2025-04-28T17:05:37.988112" elapsed="0.325104"/>
</kw>
<doc>Opens the login page and waits for it to load</doc>
<status status="PASS" start="2025-04-28T17:05:35.348428" elapsed="2.964788"/>
</kw>
<kw name="Input Username" owner="login_resources">
<kw name="Wait Until Element Is Visible" owner="SeleniumLibrary">
<arg>${USERNAME_FIELD}</arg>
<doc>Waits until the element ``locator`` is visible.</doc>
<status status="PASS" start="2025-04-28T17:05:38.314215" elapsed="0.031001"/>
</kw>
<kw name="Clear Element Text" owner="SeleniumLibrary">
<arg>${USERNAME_FIELD}</arg>
<doc>Clears the value of the text-input-element identified by ``locator``.</doc>
<status status="PASS" start="2025-04-28T17:05:38.345216" elapsed="0.062002"/>
</kw>
<kw name="Input Text" owner="SeleniumLibrary">
<msg time="2025-04-28T17:05:38.407218" level="INFO">Typing text 'admin' into text field 'xpath=//input[@id='login']'.</msg>
<arg>${USERNAME_FIELD}</arg>
<arg>${username}</arg>
<doc>Types the given ``text`` into the text field identified by ``locator``.</doc>
<status status="PASS" start="2025-04-28T17:05:38.407218" elapsed="0.118000"/>
</kw>
<arg>${username}</arg>
<doc>Enters username in the username field</doc>
<status status="PASS" start="2025-04-28T17:05:38.314215" elapsed="0.211003"/>
</kw>
<kw name="Input Password" owner="login_resources">
<kw name="Wait Until Element Is Visible" owner="SeleniumLibrary">
<arg>${PASSWORD_FIELD}</arg>
<doc>Waits until the element ``locator`` is visible.</doc>
<status status="PASS" start="2025-04-28T17:05:38.526217" elapsed="0.030998"/>
</kw>
<kw name="Clear Element Text" owner="SeleniumLibrary">
<arg>${PASSWORD_FIELD}</arg>
<doc>Clears the value of the text-input-element identified by ``locator``.</doc>
<status status="PASS" start="2025-04-28T17:05:38.558215" elapsed="0.058000"/>
</kw>
<kw name="Input Text" owner="SeleniumLibrary">
<msg time="2025-04-28T17:05:38.616215" level="INFO">Typing text 'admin' into text field 'xpath=//input[@id='password']'.</msg>
<arg>${PASSWORD_FIELD}</arg>
<arg>${password}</arg>
<doc>Types the given ``text`` into the text field identified by ``locator``.</doc>
<status status="PASS" start="2025-04-28T17:05:38.616215" elapsed="0.121994"/>
</kw>
<arg>${password}</arg>
<doc>Enters password in the password field</doc>
<status status="PASS" start="2025-04-28T17:05:38.525218" elapsed="0.212991"/>
</kw>
<kw name="Submit Login" owner="login_resources">
<kw name="Wait Until Element Is Enabled" owner="SeleniumLibrary">
<arg>${LOGIN_BUTTON}</arg>
<doc>Waits until the element ``locator`` is enabled.</doc>
<status status="PASS" start="2025-04-28T17:05:38.738209" elapsed="0.044281"/>
</kw>
<kw name="Click Button" owner="SeleniumLibrary">
<msg time="2025-04-28T17:05:38.782490" level="INFO">Clicking button 'xpath=//button[normalize-space()='Log in']'.</msg>
<arg>${LOGIN_BUTTON}</arg>
<doc>Clicks the button identified by ``locator``.</doc>
<status status="PASS" start="2025-04-28T17:05:38.782490" elapsed="0.217001"/>
</kw>
<doc>Clicks the login button and waits for the page to load</doc>
<status status="PASS" start="2025-04-28T17:05:38.738209" elapsed="0.261282"/>
</kw>
<arg>${USERNAME}</arg>
<arg>${PASSWORD}</arg>
<doc>Complete login flow with default or custom credentials</doc>
<status status="PASS" start="2025-04-28T17:05:35.348428" elapsed="3.651063"/>
</kw>
<kw name="Verify Login Success" owner="login_resources">
<kw name="Wait Until Page Does Not Contain Element" owner="SeleniumLibrary">
<arg>${LOGIN_ERROR}</arg>
<arg>timeout=5s</arg>
<doc>Waits until the element ``locator`` disappears from the current page.</doc>
<status status="PASS" start="2025-04-28T17:05:39.001495" elapsed="0.191962"/>
</kw>
<kw name="Page Should Not Contain Element" owner="SeleniumLibrary">
<msg time="2025-04-28T17:05:39.209461" level="INFO">Current page does not contain element 'xpath=//p[contains(@class,'Form_error')]'.</msg>
<arg>${LOGIN_ERROR}</arg>
<doc>Verifies that element ``locator`` is not found on the current page.</doc>
<status status="PASS" start="2025-04-28T17:05:39.194454" elapsed="0.015007"/>
</kw>
<doc>Verifies that login was successful</doc>
<status status="PASS" start="2025-04-28T17:05:39.000498" elapsed="0.208963"/>
</kw>
<kw name="Close Browser" owner="SeleniumLibrary" type="TEARDOWN">
<doc>Closes the current browser.</doc>
<status status="PASS" start="2025-04-28T17:05:39.210454" elapsed="2.491639"/>
</kw>
<doc>Tests login with valid credentials</doc>
<status status="PASS" start="2025-04-28T17:05:35.346423" elapsed="6.356703"/>
</test>
<doc>Test cases for login functionality</doc>
<status status="PASS" start="2025-04-28T17:05:34.770050" elapsed="6.938056"/>
</suite>
<statistics>
<total>
<stat pass="1" fail="0" skip="0">All Tests</stat>
</total>
<tag>
</tag>
<suite>
<stat name="Login" id="s1" pass="1" fail="0" skip="0">Login</stat>
</suite>
</statistics>
<errors>
<msg time="2025-04-28T17:05:35.339425" level="ERROR">Error in file 'D:\WorkSpace\anfo work\reltio rf\tests\login\login.robot' on line 5: Processing variable file '../../variables/login_variable.robot' failed: Importing variable file '../../variables/login_variable.robot' failed: ModuleNotFoundError: No module named '.'
Traceback (most recent call last):
  None
PYTHONPATH:
  D:\WorkSpace\anfo work\reltio rf\tests\login
  C:\Program Files\WindowsApps\PythonSoftwareFoundation.Python.3.11_3.11.2544.0_x64__qbz5n2kfra8p0\python311.zip
  C:\Program Files\WindowsApps\PythonSoftwareFoundation.Python.3.11_3.11.2544.0_x64__qbz5n2kfra8p0\DLLs
  C:\Program Files\WindowsApps\PythonSoftwareFoundation.Python.3.11_3.11.2544.0_x64__qbz5n2kfra8p0\Lib
  C:\Program Files\WindowsApps\PythonSoftwareFoundation.Python.3.11_3.11.2544.0_x64__qbz5n2kfra8p0
  C:\Users\vua\AppData\Local\Packages\PythonSoftwareFoundation.Python.3.11_qbz5n2kfra8p0\LocalCache\local-packages\Python311\site-packages
  C:\Users\vua\AppData\Local\Packages\PythonSoftwareFoundation.Python.3.11_qbz5n2kfra8p0\LocalCache\local-packages\Python311\site-packages\win32
  C:\Users\vua\AppData\Local\Packages\PythonSoftwareFoundation.Python.3.11_qbz5n2kfra8p0\LocalCache\local-packages\Python311\site-packages\win32\lib
  C:\Users\vua\AppData\Local\Packages\PythonSoftwareFoundation.Python.3.11_qbz5n2kfra8p0\LocalCache\local-packages\Python311\site-packages\Pythonwin
  C:\Program Files\WindowsApps\PythonSoftwareFoundation.Python.3.11_3.11.2544.0_x64__qbz5n2kfra8p0\Lib\site-packages</msg>
</errors>
</robot>
