<?xml version="1.0" encoding="UTF-8"?>
<robot generator="Robot 7.2.2 (Python 3.11.9 on win32)" generated="2025-04-23T16:24:34.577650" rpa="false" schemaversion="5">
<suite id="s1" name="Advanced Search" source="D:\WorkSpace\anfo work\reltio rf\tests\advanced_search\advanced_search.robot">
<test id="s1-t1" name="Valid Login Test" line="6">
<kw name="Login To System" owner="login_resources">
<kw name="Open Login Page" owner="login_resources">
<kw name="Open Browser" owner="SeleniumLibrary">
<msg time="2025-04-23T16:24:35.219671" level="INFO">Opening browser 'Chrome' to base url 'https://gus-training.reltio.com/nui/trainMDM0KrWMcC/search'.</msg>
<arg>${URL}</arg>
<arg>${BROWSER}</arg>
<doc>Opens a new browser instance to the optional ``url``.</doc>
<status status="PASS" start="2025-04-23T16:24:35.219671" elapsed="5.675944"/>
</kw>
<kw name="Maximize Browser Window" owner="SeleniumLibrary">
<doc>Maximizes current browser window.</doc>
<status status="PASS" start="2025-04-23T16:24:40.895615" elapsed="0.060572"/>
</kw>
<kw name="Wait Until Page Contains Element" owner="SeleniumLibrary">
<arg>${USERNAME_FIELD}</arg>
<arg>timeout=10s</arg>
<doc>Waits until the element ``locator`` appears on the current page.</doc>
<status status="PASS" start="2025-04-23T16:24:40.958175" elapsed="3.407959"/>
</kw>
<doc>Opens the login page and waits for it to load</doc>
<status status="PASS" start="2025-04-23T16:24:35.218670" elapsed="9.148477"/>
</kw>
<kw name="Input Username" owner="login_resources">
<kw name="Wait Until Element Is Visible" owner="SeleniumLibrary">
<arg>${USERNAME_FIELD}</arg>
<doc>Waits until the element ``locator`` is visible.</doc>
<status status="PASS" start="2025-04-23T16:24:44.368130" elapsed="0.027985"/>
</kw>
<kw name="Clear Element Text" owner="SeleniumLibrary">
<arg>${USERNAME_FIELD}</arg>
<doc>Clears the value of the text-input-element identified by ``locator``.</doc>
<status status="PASS" start="2025-04-23T16:24:44.396115" elapsed="0.066005"/>
</kw>
<kw name="Input Text" owner="SeleniumLibrary">
<msg time="2025-04-23T16:24:44.463119" level="INFO">Typing text 'training.user' into text field 'xpath=//input[@name='username']'.</msg>
<arg>${USERNAME_FIELD}</arg>
<arg>${username}</arg>
<doc>Types the given ``text`` into the text field identified by ``locator``.</doc>
<status status="PASS" start="2025-04-23T16:24:44.463119" elapsed="0.173004"/>
</kw>
<arg>${username}</arg>
<doc>Enters username in the username field</doc>
<status status="PASS" start="2025-04-23T16:24:44.367147" elapsed="0.268976"/>
</kw>
<kw name="Input Password" owner="login_resources">
<kw name="Wait Until Element Is Visible" owner="SeleniumLibrary">
<arg>${PASSWORD_FIELD}</arg>
<doc>Waits until the element ``locator`` is visible.</doc>
<status status="PASS" start="2025-04-23T16:24:44.637131" elapsed="0.040993"/>
</kw>
<kw name="Clear Element Text" owner="SeleniumLibrary">
<arg>${PASSWORD_FIELD}</arg>
<doc>Clears the value of the text-input-element identified by ``locator``.</doc>
<status status="PASS" start="2025-04-23T16:24:44.679119" elapsed="0.051036"/>
</kw>
<kw name="Input Text" owner="SeleniumLibrary">
<msg time="2025-04-23T16:24:44.731140" level="INFO">Typing text 'Reltio_Learn_06/10/2024' into text field 'xpath=//input[@name='password']'.</msg>
<arg>${PASSWORD_FIELD}</arg>
<arg>${password}</arg>
<doc>Types the given ``text`` into the text field identified by ``locator``.</doc>
<status status="PASS" start="2025-04-23T16:24:44.730155" elapsed="0.160963"/>
</kw>
<arg>${password}</arg>
<doc>Enters password in the password field</doc>
<status status="PASS" start="2025-04-23T16:24:44.636123" elapsed="0.254995"/>
</kw>
<kw name="Submit Login" owner="login_resources">
<kw name="Wait Until Element Is Enabled" owner="SeleniumLibrary">
<arg>${LOGIN_BUTTON}</arg>
<doc>Waits until the element ``locator`` is enabled.</doc>
<status status="PASS" start="2025-04-23T16:24:44.892150" elapsed="0.045972"/>
</kw>
<kw name="Click Button" owner="SeleniumLibrary">
<msg time="2025-04-23T16:24:44.938122" level="INFO">Clicking button 'xpath=//button[contains(text(),'Sign in')]'.</msg>
<arg>${LOGIN_BUTTON}</arg>
<doc>Clicks the button identified by ``locator``.</doc>
<status status="PASS" start="2025-04-23T16:24:44.938122" elapsed="0.138994"/>
</kw>
<doc>Clicks the login button and waits for the page to load</doc>
<status status="PASS" start="2025-04-23T16:24:44.891118" elapsed="0.185998"/>
</kw>
<arg>${USERNAME}</arg>
<arg>${PASSWORD}</arg>
<doc>Complete login flow with default or custom credentials</doc>
<status status="PASS" start="2025-04-23T16:24:35.217645" elapsed="9.860472"/>
</kw>
<kw name="Open Console" owner="advanced_search_resources">
<kw name="Click User Button" owner="advanced_search_resources">
<kw name="Wait Until Element Is Visible And Enabled" owner="common">
<kw name="Wait Until Element Is Visible" owner="SeleniumLibrary">
<arg>${locator}</arg>
<arg>${timeout}</arg>
<doc>Waits until the element ``locator`` is visible.</doc>
<status status="PASS" start="2025-04-23T16:24:45.080139" elapsed="8.105893"/>
</kw>
<kw name="Wait Until Element Is Enabled" owner="SeleniumLibrary">
<arg>${locator}</arg>
<arg>${timeout}</arg>
<doc>Waits until the element ``locator`` is enabled.</doc>
<status status="PASS" start="2025-04-23T16:24:53.187017" elapsed="0.056950"/>
</kw>
<arg>${USER_BUTTON}</arg>
<arg>timeout=20s</arg>
<doc>Waits until element is both visible and enabled</doc>
<status status="PASS" start="2025-04-23T16:24:45.080139" elapsed="8.163828"/>
</kw>
<kw name="Run Keyword And Return Status" owner="BuiltIn">
<kw name="Click Element" owner="SeleniumLibrary">
<msg time="2025-04-23T16:24:53.244986" level="INFO">Clicking element 'xpath=//button[@data-reltio-id='reltio-user-button'][following::p[text()='training.user']]'.</msg>
<msg time="2025-04-23T16:24:54.558592" level="INFO" html="true">&lt;/td&gt;&lt;/tr&gt;&lt;tr&gt;&lt;td colspan="3"&gt;&lt;a href="selenium-screenshot-2.png"&gt;&lt;img src="selenium-screenshot-2.png" width="800px"&gt;&lt;/a&gt;</msg>
<msg time="2025-04-23T16:24:54.558592" level="FAIL">ElementClickInterceptedException: Message: element click intercepted: Element &lt;button class="MuiButtonBase-root MuiButton-root MuiButton-text MuiButton-textInherit MuiButton-sizeMedium MuiButton-textSizeMedium MuiButton-colorInherit MuiButton-root MuiButton-text MuiButton-textInherit MuiButton-sizeMedium MuiButton-textSizeMedium MuiButton-colorInherit jss49 css-6qzmup" tabindex="0" type="button" data-reltio-id="reltio-user-button"&gt;...&lt;/button&gt; is not clickable at point (32, 907). Other element would receive the click: &lt;div class="jss4"&gt;...&lt;/div&gt;
  (Session info: chrome=135.0.7049.97)
Stacktrace:
	GetHandleVerifier [0x00007FF783B85305+78597]
	GetHandleVerifier [0x00007FF783B85360+78688]
	(No symbol) [0x00007FF7839391AA]
	(No symbol) [0x00007FF783997089]
	(No symbol) [0x00007FF783994A42]
	(No symbol) [0x00007FF783991AE1]
	(No symbol) [0x00007FF783990A42]
	(No symbol) [0x00007FF783982204]
	(No symbol) [0x00007FF7839B70EA]
	(No symbol) [0x00007FF783981AB6]
	(No symbol) [0x00007FF7839B7300]
	(No symbol) [0x00007FF7839DF2BB]
	(No symbol) [0x00007FF7839B6EC3]
	(No symbol) [0x00007FF7839803F8]
	(No symbol) [0x00007FF783981163]
	GetHandleVerifier [0x00007FF783E2EEBD+2870973]
	GetHandleVerifier [0x00007FF783E29668+2848360]
	GetHandleVerifier [0x00007FF783E46943+2967875]
	GetHandleVerifier [0x00007FF783BA014A+188746]
	GetHandleVerifier [0x00007FF783BA842F+222255]
	GetHandleVerifier [0x00007FF783B8D284+111236]
	GetHandleVerifier [0x00007FF783B8D432+111666]
	GetHandleVerifier [0x00007FF783B73559+5465]
	BaseThreadInitThunk [0x00007FFFBA1C7374+20]
	RtlUserThreadStart [0x00007FFFBB8FCC91+33]
</msg>
<arg>${USER_BUTTON}</arg>
<doc>Click the element identified by ``locator``.</doc>
<status status="FAIL" start="2025-04-23T16:24:53.244986" elapsed="1.322637">ElementClickInterceptedException: Message: element click intercepted: Element &lt;button class="MuiButtonBase-root MuiButton-root MuiButton-text MuiButton-textInherit MuiButton-sizeMedium MuiButton-textSizeMedium MuiButton-colorInherit MuiButton-root MuiButton-text MuiButton-textInherit MuiButton-sizeMedium MuiButton-textSizeMedium MuiButton-colorInherit jss49 css-6qzmup" tabindex="0" type="button" data-reltio-id="reltio-user-button"&gt;...&lt;/button&gt; is not clickable at point (32, 907). Other element would receive the click: &lt;div class="jss4"&gt;...&lt;/div&gt;
  (Session info: chrome=135.0.7049.97)
Stacktrace:
	GetHandleVerifier [0x00007FF783B85305+78597]
	GetHandleVerifier [0x00007FF783B85360+78688]
	(No symbol) [0x00007FF7839391AA]
	(No symbol) [0x00007FF783997089]
	(No symbol) [0x00007FF783994A42]
	(No symbol) [0x00007FF783991AE1]
	(No symbol) [0x00007FF783990A42]
	(No symbol) [0x00007FF783982204]
	(No symbol) [0x00007FF7839B70EA]
	(No symbol) [0x00007FF783981AB6]
	(No symbol) [0x00007FF7839B7300]
	(No symbol) [0x00007FF7839DF2BB]
	(No symbol) [0x00007FF7839B6EC3]
	(No symbol) [0x00007FF7839803F8]
	(No symbol) [0x00007FF783981163]
	GetHandleVerifier [0x00007FF783E2EEBD+2870973]
	GetHandleVerifier [0x00007FF783E29668+2848360]
	GetHandleVerifier [0x00007FF783E46943+2967875]
	GetHandleVerifier [0x00007FF783BA014A+188746]
	GetHandleVerifier [0x00007FF783BA842F+222255]
	GetHandleVerifier [0x00007FF783B8D284+111236]
	GetHandleVerifier [0x00007FF783B8D432+111666]
	GetHandleVerifier [0x00007FF783B73559+5465]
	BaseThreadInitThunk [0x00007FFFBA1C7374+20]
	RtlUserThreadStart [0x00007FFFBB8FCC91+33]
</status>
</kw>
<msg time="2025-04-23T16:24:54.567623" level="INFO">${status} = False</msg>
<var>${status}</var>
<arg>Click Element</arg>
<arg>${USER_BUTTON}</arg>
<doc>Runs the given keyword with given arguments and returns the status as a Boolean value.</doc>
<status status="PASS" start="2025-04-23T16:24:53.244986" elapsed="1.322637"/>
</kw>
<kw name="Run Keyword If" owner="BuiltIn">
<kw name="Execute Javascript" owner="SeleniumLibrary">
<msg time="2025-04-23T16:24:54.568624" level="INFO">Executing JavaScript:
document.querySelector('[data-reltio-id="reltio-user-button"]').click()
Without any arguments.</msg>
<arg>document.querySelector('[data-reltio-id="reltio-user-button"]').click()</arg>
<doc>Executes the given JavaScript code with possible arguments.</doc>
<status status="PASS" start="2025-04-23T16:24:54.568624" elapsed="0.040966"/>
</kw>
<arg>not ${status}</arg>
<arg>Execute JavaScript</arg>
<arg>document.querySelector('[data-reltio-id="reltio-user-button"]').click()</arg>
<doc>Runs the given keyword with the given arguments, if ``condition`` is true.</doc>
<status status="PASS" start="2025-04-23T16:24:54.567623" elapsed="0.041967"/>
</kw>
<doc>Click on the User Button</doc>
<status status="PASS" start="2025-04-23T16:24:45.079119" elapsed="9.530471"/>
</kw>
<kw name="Click Logout Button" owner="advanced_search_resources">
<kw name="Wait Until Element Is Visible And Enabled" owner="common">
<kw name="Wait Until Element Is Visible" owner="SeleniumLibrary">
<arg>${locator}</arg>
<arg>${timeout}</arg>
<doc>Waits until the element ``locator`` is visible.</doc>
<status status="PASS" start="2025-04-23T16:24:54.611590" elapsed="0.055017"/>
</kw>
<kw name="Wait Until Element Is Enabled" owner="SeleniumLibrary">
<arg>${locator}</arg>
<arg>${timeout}</arg>
<doc>Waits until the element ``locator`` is enabled.</doc>
<status status="PASS" start="2025-04-23T16:24:54.667590" elapsed="0.041001"/>
</kw>
<arg>${LOGOUT_BUTTON}</arg>
<arg>timeout=20s</arg>
<doc>Waits until element is both visible and enabled</doc>
<status status="PASS" start="2025-04-23T16:24:54.610590" elapsed="0.098001"/>
</kw>
<kw name="Click Element" owner="SeleniumLibrary">
<msg time="2025-04-23T16:24:54.709611" level="INFO">Clicking element 'xpath=//button[normalize-space()='Sign out']'.</msg>
<arg>${LOGOUT_BUTTON}</arg>
<doc>Click the element identified by ``locator``.</doc>
<status status="PASS" start="2025-04-23T16:24:54.709611" elapsed="1.332985"/>
</kw>
<doc>Click on the Logout Button</doc>
<status status="PASS" start="2025-04-23T16:24:54.609590" elapsed="1.433006"/>
</kw>
<doc>Open the Console</doc>
<status status="PASS" start="2025-04-23T16:24:45.078117" elapsed="10.965485"/>
</kw>
<doc>Tests login with valid credentials</doc>
<status status="PASS" start="2025-04-23T16:24:35.216661" elapsed="20.827931"/>
</test>
<doc>Test cases for login functionality</doc>
<status status="PASS" start="2025-04-23T16:24:34.580645" elapsed="21.466954"/>
</suite>
<statistics>
<total>
<stat pass="1" fail="0" skip="0">All Tests</stat>
</total>
<tag>
</tag>
<suite>
<stat name="Advanced Search" id="s1" pass="1" fail="0" skip="0">Advanced Search</stat>
</suite>
</statistics>
<errors>
</errors>
</robot>
